
mtx-context     | run 1: luatex --fmt="/var/lib/texmf/luatex-cache/context/b47c3d3cee7cb6c86268d0595268c442/formats/luatex/cont-en" --jobname="resume" --lua="/var/lib/texmf/luatex-cache/context/b47c3d3cee7cb6c86268d0595268c442/formats/luatex/cont-en.lui" --no-parse-first-line --c:currentrun=1 --c:fulljobname="output/resume.tex" --c:input="output/resume.tex" --c:kindofrun=1 --c:maxnofruns=9 --c:result="output/resume.pdf" "cont-yes.mkiv"
This is LuaTeX, Version beta-0.80.0 (TeX Live 2015/Debian) (rev 5238) 
 \write18 enabled.
open source     > 1 > 1 > /usr/share/texmf/tex/context/base/cont-yes.mkiv

ConTeXt  ver: 2015.05.18 12:26 MKIV current  fmt: 2018.4.27  int: english/english

system          > 'cont-new.mkiv' loaded
open source     > 2 > 2 > /usr/share/texmf/tex/context/base/cont-new.mkiv
close source    > 2 > 2 > /usr/share/texmf/tex/context/base/cont-new.mkiv
system          > files > jobname 'resume', input 'output/resume', result 'output/resume.pdf'
fonts           > latin modern fonts are not preloaded
languages       > language 'en' is active
open source     > 2 > 3 > output/resume.tex
colors          > defining > unknown library 'hex'
open source     > 3 > 4 > /usr/share/texmf/tex/context/base/type-imp-texgyre.mkiv
close source    > 3 > 4 > /usr/share/texmf/tex/context/base/type-imp-texgyre.mkiv
structure       > sectioning > section @ level 3 : 0.0.1 -> 葉家郡
setup           > error in line 1, namespace 'xtable', key 'body'
setup           > error in line 13, namespace 'xtable', key 'foot'
setup           > error in line 1, namespace 'xtable', key 'body'
setup           > error in line 13, namespace 'xtable', key 'foot'
setup           > error in line 1, namespace 'xtable', key 'body'
setup           > error in line 13, namespace 'xtable', key 'foot'
floatblocks     > '1' placed
structure       > sectioning > subsection @ level 4 : 0.0.1.1 -> Working Experience
structure       > sectioning > subsection @ level 4 : 0.0.1.2 -> Education
backend         > xmp > using file '/usr/share/texmf/tex/context/base/lpdf-pdx.xml'
pages           > flushing realpage 1, userpage 1
structure       > sectioning > subsection @ level 4 : 0.0.1.3 -> Skills
structure       > sectioning > subsection @ level 4 : 0.0.1.4 -> Awards
pages           > flushing realpage 2, userpage 2
close source    > 2 > 4 > output/resume.tex
close source    > 1 > 4 > /usr/share/texmf/tex/context/base/cont-yes.mkiv

mkiv lua stats  > used config file: /usr/share/texmf/web2c/texmfcnf.lua;/usr/share/texlive/texmf-dist/web2c/texmfcnf.lua
mkiv lua stats  > used cache path: readable: '/var/lib/texmf/luatex-cache/context/b47c3d3cee7cb6c86268d0595268c442' | readable+writable: '/home/num/.texmf-var/luatex-cache/context/b47c3d3cee7cb6c86268d0595268c442'
mkiv lua stats  > resource resolver: loadtime 0.031 seconds, 0 scans with scantime 0.000 seconds, 0 shared scans, 12 found files, scanned paths: <none>
mkiv lua stats  > stored bytecode data: 371 modules (0.268 sec), 78 tables (0.010 sec), 449 chunks (0.278 sec)
mkiv lua stats  > traced context: maxstack: 1138, freed: 6, unreachable: 1132
mkiv lua stats  > running in nuts mode: yes
mkiv lua stats  > cleaned up reserved nodes: 53 nodes, 439 lists of 438
mkiv lua stats  > node memory usage: 56 hlist, 18 vlist, 2 disc, 32 glue, 34 kern, 17 penalty, 68 glyph, 217 attribute, 62 glue_spec, 51 attribute_list, 2 temp, 5 local_par, 10 dir
mkiv lua stats  > node list callback tasks: 6 unique task lists, 6 instances (re)created, 612 calls
mkiv lua stats  > h-node processing time: 0.015 seconds including kernel
mkiv lua stats  > used backend: pdf (backend for directly generating pdf output)
mkiv lua stats  > loaded patterns: en::2, load time: 0.000
mkiv lua stats  > jobdata time: 0.002 seconds saving, 0.001 seconds loading
mkiv lua stats  > callbacks: 1293 direct, 832 indirect, 2125 total
mkiv lua stats  > randomizer: resumed with value 0.2025822872308
mkiv lua stats  > interactive elements: 2 references, 14 destinations
mkiv lua stats  > result saved in file: output/resume.pdf.pdf, compresslevel 3, objectcompresslevel 3
mkiv lua stats  > loaded fonts: 4 files: latinmodern-math.otf, texgyreheros-bold.otf, texgyreheros-italic.otf, texgyreheros-regular.otf
mkiv lua stats  > fonts load time: 0.283 seconds for 10 fonts, 4 shared in backend, 0 common vectors, 4 common hashes
mkiv lua stats  > pdf annotations: 2 links (2 unique), 0 special
mkiv lua stats  > used platform: linux-64, type: unix, binary subtree: usr
mkiv lua stats  > luatex banner: this is luatex, version beta-0.80.0 (tex live 2015/debian) (rev 5238)
mkiv lua stats  > control sequences: 43459 of 65536 + 100000
mkiv lua stats  > lua properties: engine: lua, used memory: 74 MB (ctx: 74 MB), hash type: lua, hash chars: min(64,40), symbol mask: utf (τεχ)
mkiv lua stats  > runtime: 0.875 seconds, 2 processed pages, 2 shipped pages, 2.286 pages/second

mtx-context     | run 2: luatex --fmt="/var/lib/texmf/luatex-cache/context/b47c3d3cee7cb6c86268d0595268c442/formats/luatex/cont-en" --jobname="resume" --lua="/var/lib/texmf/luatex-cache/context/b47c3d3cee7cb6c86268d0595268c442/formats/luatex/cont-en.lui" --no-parse-first-line --c:currentrun=2 --c:fulljobname="output/resume.tex" --c:input="output/resume.tex" --c:kindofrun=2 --c:maxnofruns=9 --c:result="output/resume.pdf" "cont-yes.mkiv"
This is LuaTeX, Version beta-0.80.0 (TeX Live 2015/Debian) (rev 5238) 
 \write18 enabled.
open source     > 1 > 1 > /usr/share/texmf/tex/context/base/cont-yes.mkiv

ConTeXt  ver: 2015.05.18 12:26 MKIV current  fmt: 2018.4.27  int: english/english

system          > 'cont-new.mkiv' loaded
open source     > 2 > 2 > /usr/share/texmf/tex/context/base/cont-new.mkiv
close source    > 2 > 2 > /usr/share/texmf/tex/context/base/cont-new.mkiv
system          > files > jobname 'resume', input 'output/resume', result 'output/resume.pdf'
fonts           > latin modern fonts are not preloaded
languages       > language 'en' is active
open source     > 2 > 3 > output/resume.tex
colors          > defining > unknown library 'hex'
open source     > 3 > 4 > /usr/share/texmf/tex/context/base/type-imp-texgyre.mkiv
close source    > 3 > 4 > /usr/share/texmf/tex/context/base/type-imp-texgyre.mkiv
structure       > sectioning > section @ level 3 : 0.0.1 -> 葉家郡
setup           > error in line 1, namespace 'xtable', key 'body'
setup           > error in line 13, namespace 'xtable', key 'foot'
setup           > error in line 1, namespace 'xtable', key 'body'
setup           > error in line 13, namespace 'xtable', key 'foot'
setup           > error in line 1, namespace 'xtable', key 'body'
setup           > error in line 13, namespace 'xtable', key 'foot'
floatblocks     > '1' placed
structure       > sectioning > subsection @ level 4 : 0.0.1.1 -> Working Experience
structure       > sectioning > subsection @ level 4 : 0.0.1.2 -> Education
backend         > xmp > using file '/usr/share/texmf/tex/context/base/lpdf-pdx.xml'
pages           > flushing realpage 1, userpage 1
structure       > sectioning > subsection @ level 4 : 0.0.1.3 -> Skills
structure       > sectioning > subsection @ level 4 : 0.0.1.4 -> Awards
pages           > flushing realpage 2, userpage 2
close source    > 2 > 4 > output/resume.tex
close source    > 1 > 4 > /usr/share/texmf/tex/context/base/cont-yes.mkiv

mkiv lua stats  > used config file: /usr/share/texmf/web2c/texmfcnf.lua;/usr/share/texlive/texmf-dist/web2c/texmfcnf.lua
mkiv lua stats  > used cache path: readable: '/var/lib/texmf/luatex-cache/context/b47c3d3cee7cb6c86268d0595268c442' | readable+writable: '/home/num/.texmf-var/luatex-cache/context/b47c3d3cee7cb6c86268d0595268c442'
mkiv lua stats  > resource resolver: loadtime 0.027 seconds, 0 scans with scantime 0.000 seconds, 0 shared scans, 12 found files, scanned paths: <none>
mkiv lua stats  > stored bytecode data: 371 modules (0.324 sec), 78 tables (0.010 sec), 449 chunks (0.334 sec)
mkiv lua stats  > traced context: maxstack: 1138, freed: 6, unreachable: 1132
mkiv lua stats  > running in nuts mode: yes
mkiv lua stats  > cleaned up reserved nodes: 53 nodes, 439 lists of 438
mkiv lua stats  > node memory usage: 56 hlist, 18 vlist, 2 disc, 32 glue, 34 kern, 17 penalty, 68 glyph, 217 attribute, 62 glue_spec, 51 attribute_list, 2 temp, 5 local_par, 10 dir
mkiv lua stats  > node list callback tasks: 6 unique task lists, 6 instances (re)created, 612 calls
mkiv lua stats  > h-node processing time: 0.023 seconds including kernel
mkiv lua stats  > used backend: pdf (backend for directly generating pdf output)
mkiv lua stats  > loaded patterns: en::2, load time: 0.000
mkiv lua stats  > jobdata time: 0.002 seconds saving, 0.001 seconds loading
mkiv lua stats  > callbacks: 1293 direct, 832 indirect, 2125 total
mkiv lua stats  > randomizer: resumed with value 0.2025822872308
mkiv lua stats  > interactive elements: 2 references, 14 destinations
mkiv lua stats  > result saved in file: output/resume.pdf.pdf, compresslevel 3, objectcompresslevel 3
mkiv lua stats  > loaded fonts: 4 files: latinmodern-math.otf, texgyreheros-bold.otf, texgyreheros-italic.otf, texgyreheros-regular.otf
mkiv lua stats  > fonts load time: 0.263 seconds for 10 fonts, 4 shared in backend, 0 common vectors, 4 common hashes
mkiv lua stats  > pdf annotations: 2 links (2 unique), 0 special
mkiv lua stats  > used platform: linux-64, type: unix, binary subtree: usr
mkiv lua stats  > luatex banner: this is luatex, version beta-0.80.0 (tex live 2015/debian) (rev 5238)
mkiv lua stats  > control sequences: 43458 of 65536 + 100000
mkiv lua stats  > lua properties: engine: lua, used memory: 71 MB (ctx: 71 MB), hash type: lua, hash chars: min(64,40), symbol mask: utf (τεχ)
mkiv lua stats  > runtime: 0.894 seconds, 2 processed pages, 2 shipped pages, 2.237 pages/second

mtx-context     | result renamed to: output/resume
system          | total runtime: 2.380 seconds
